<?xml version="1.0" encoding="UTF-8"?>
<!-- Generated by org.testng.reporters.JUnitReportReporter -->
<testsuite hostname="IT-CORES-045" failures="0" tests="4" name="com.freecrm.testcases.LoginPageTestTest" time="35.267" errors="0" timestamp="13 Jun 2022 21:22:38 GMT">
  <testcase classname="com.freecrm.testcases.LoginPageTestTest" name="logoTest" time="10.248"/>
  <testcase classname="com.freecrm.testcases.LoginPageTestTest" name="urlCheck" time="6.304"/>
  <testcase classname="com.freecrm.testcases.LoginPageTestTest" name="titleTest" time="6.319"/>
  <testcase classname="com.freecrm.testcases.LoginPageTestTest" name="loginTest" time="12.396"/>
</testsuite> <!-- com.freecrm.testcases.LoginPageTestTest -->
