<?xml version="1.0" encoding="UTF-8"?>
<!-- Generated by org.testng.reporters.JUnitReportReporter -->
<testsuite hostname="IT-CORES-045" failures="0" tests="2" name="com.freecrm.testcases.HomePageTest" time="18.506" errors="0" timestamp="13 Jun 2022 21:22:38 GMT">
  <testcase classname="com.freecrm.testcases.HomePageTest" name="clickOnPricingTest" time="9.827"/>
  <testcase classname="com.freecrm.testcases.HomePageTest" name="clickOnFeaturesTest" time="8.679"/>
</testsuite> <!-- com.freecrm.testcases.HomePageTest -->
